<component name="libraryTable">
  <library name="junit" type="repository">
    <properties maven-id="junit:junit:4.9" />
    <CLASSES>
      <root url="jar://$PROJECT_DIR$/lib/junit-4.9.jar!/" />
      <root url="jar://$PROJECT_DIR$/lib/hamcrest-core-1.1.jar!/" />
    </CLASSES>
    <JAVADOC />
    <SOURCES />
  </library>
</component>